<?xml version="1.0"?>
<testsuite name="HeadlessChrome 77.0.3844 (Linux 0.0.0)" package="" timestamp="2019-09-18T05:34:40" id="0" hostname="host-10-107-10-37" tests="69" errors="0" failures="6" time="3.551">
  <properties>
    <property name="browser.fullName" value="Mozilla/5.0 (X11; Linux x86_64) AppleWebKit/537.36 (KHTML, like Gecko) HeadlessChrome/77.0.3844.0 Safari/537.36"/>
  </properties>
  <testcase name="HttpCacheService cleanCache should clear existing since specified date" time="0.153" classname="HttpCacheService"/>
  <testcase name="HttpCacheService cleanCache should not affect cache entries newer than specified date" time="0.039" classname="HttpCacheService"/>
  <testcase name="HttpCacheService cleanCache should clear all cache if no date is specified" time="0.03" classname="HttpCacheService"/>
  <testcase name="HttpCacheService setPersistence should clear previous cache data when persistence value change" time="0.021" classname="HttpCacheService"/>
  <testcase name="HttpCacheService setPersistence should persist cache to session storage" time="0.024" classname="HttpCacheService"/>
  <testcase name="HttpCacheService setPersistence should persist cache to local storage" time="0.035" classname="HttpCacheService"/>
  <testcase name="HttpCacheService setCacheData should replace existing data" time="0.064" classname="HttpCacheService"/>
  <testcase name="HttpCacheService setCacheData should set cache data" time="0.026" classname="HttpCacheService"/>
  <testcase name="HttpCacheService setCacheData should set cache date correctly" time="0.023" classname="HttpCacheService"/>
  <testcase name="HttpCacheService getCacheData should return null if no cache" time="0.067" classname="HttpCacheService"/>
  <testcase name="HttpCacheService getCacheData should return cached data with url parameters if exists" time="0.016" classname="HttpCacheService"/>
  <testcase name="HttpCacheService getCacheData should return cached data if exists" time="0.014" classname="HttpCacheService"/>
  <testcase name="HttpCacheService getHttpCacheEntry should return cached data date  if exists" time="0.024" classname="HttpCacheService"/>
  <testcase name="HttpCacheService getHttpCacheEntry should return null if no cache" time="0.02" classname="HttpCacheService"/>
  <testcase name="HttpCacheService clearCacheData should clear existing cache data" time="0.033" classname="HttpCacheService"/>
  <testcase name="HttpCacheService clearCacheData should do nothing if no cache exists" time="0.018" classname="HttpCacheService"/>
  <testcase name="LoginComponent should create" time="1.001" classname="LoginComponent"/>
  <testcase name="ApiPrefixInterceptor should not prepend environment.serverUrl to request url" time="0.047" classname="ApiPrefixInterceptor"/>
  <testcase name="ApiPrefixInterceptor should prepend environment.serverUrl to the request url" time="0.019" classname="ApiPrefixInterceptor"/>
  <testcase name="I18nService extract should not modify string" time="0.02" classname="I18nService"/>
  <testcase name="I18nService get language should return current language" time="0.03" classname="I18nService"/>
  <testcase name="I18nService set language should change current language" time="0.023" classname="I18nService"/>
  <testcase name="I18nService set language should change current language without a region match" time="0.171" classname="I18nService">
    <failure type="">Error: Expected spy use to have been called with [ 'vi-VN' ] but actual calls were [ 'en-US' ], [ 'en-US' ].
    at &lt;Jasmine&gt;
    at UserContext.&lt;anonymous&gt; (http://localhost:9876/_karma_webpack_/src/app/core/i18n.service.spec.ts:108:36)
    at ZoneDelegate.invoke (http://localhost:9876/_karma_webpack_/node_modules/zone.js/dist/zone-evergreen.js:359:1)
    at ProxyZoneSpec.push../node_modules/zone.js/dist/zone-testing.js.ProxyZoneSpec.onInvoke (http://localhost:9876/_karma_webpack_/node_modules/zone.js/dist/zone-testing.js:308:1)
</failure>
    <failure type="">Error: Expected spy onLangChangeSpy to have been called with [ 'vi-VN' ] but actual calls were [ 'en-US' ], [ 'en-US' ].
    at &lt;Jasmine&gt;
    at UserContext.&lt;anonymous&gt; (http://localhost:9876/_karma_webpack_/src/app/core/i18n.service.spec.ts:109:31)
    at ZoneDelegate.invoke (http://localhost:9876/_karma_webpack_/node_modules/zone.js/dist/zone-evergreen.js:359:1)
    at ProxyZoneSpec.push../node_modules/zone.js/dist/zone-testing.js.ProxyZoneSpec.onInvoke (http://localhost:9876/_karma_webpack_/node_modules/zone.js/dist/zone-testing.js:308:1)
</failure>
  </testcase>
  <testcase name="I18nService set language should change current language to default if unsupported" time="0.015" classname="I18nService"/>
  <testcase name="I18nService init should init with save language" time="0.013" classname="I18nService"/>
  <testcase name="I18nService init should init with default language" time="0.012" classname="I18nService"/>
  <testcase name="Shell childRoutes should create routes as children of shell" time="0.001" classname="Shell"/>
  <testcase name="AboutComponent should create" time="0.04" classname="AboutComponent"/>
  <testcase name="ShellComponent should create" time="0.4" classname="ShellComponent"/>
  <testcase name="CacheInterceptor with default configuration should not cache the request in case of error" time="0.02" classname="CacheInterceptor"/>
  <testcase name="CacheInterceptor with default configuration should respond from the cache" time="0.016" classname="CacheInterceptor"/>
  <testcase name="CacheInterceptor with default configuration should cache the request" time="0.015" classname="CacheInterceptor"/>
  <testcase name="CacheInterceptor with update forced configuration should force cache update" time="0.012" classname="CacheInterceptor"/>
  <testcase name="ErrorHandlerInterceptor should catch error and call error handler" time="0.017" classname="ErrorHandlerInterceptor"/>
  <testcase name="CredentialsService setCredentials should persist credentials for the session" time="0.023" classname="CredentialsService"/>
  <testcase name="CredentialsService setCredentials should clean authentication" time="0.018" classname="CredentialsService"/>
  <testcase name="CredentialsService setCredentials should authenticate user if credentials are set" time="0.012" classname="CredentialsService"/>
  <testcase name="CredentialsService setCredentials should clear user authentication" time="0.012" classname="CredentialsService"/>
  <testcase name="CredentialsService setCredentials should persist credentials across sessions" time="0.011" classname="CredentialsService"/>
  <testcase name="HomeComponent should create" time="0.047" classname="HomeComponent"/>
  <testcase name="AuthenticationService login should authenticate user" time="0.03" classname="AuthenticationService">
    <failure type="">NullInjectorError: StaticInjectorError(DynamicTestModule)[AuthenticationService -&gt; HttpClient]: 
  StaticInjectorError(Platform: core)[AuthenticationService -&gt; HttpClient]: 
    NullInjectorError: No provider for HttpClient!
error properties: Object({ ngTempTokenPath: null, ngTokenPath: [ 'AuthenticationService', Function ] })
    at &lt;Jasmine&gt;
    at NullInjector.get (http://localhost:9876/_karma_webpack_/node_modules/@angular/core/fesm2015/core.js:855:1)
    at resolveToken (http://localhost:9876/_karma_webpack_/node_modules/@angular/core/fesm2015/core.js:17513:1)
    at tryResolveToken (http://localhost:9876/_karma_webpack_/node_modules/@angular/core/fesm2015/core.js:17439:1)
    at StaticInjector.get (http://localhost:9876/_karma_webpack_/node_modules/@angular/core/fesm2015/core.js:17265:1)
    at resolveToken (http://localhost:9876/_karma_webpack_/node_modules/@angular/core/fesm2015/core.js:17513:1)
    at tryResolveToken (http://localhost:9876/_karma_webpack_/node_modules/@angular/core/fesm2015/core.js:17439:1)
    at StaticInjector.get (http://localhost:9876/_karma_webpack_/node_modules/@angular/core/fesm2015/core.js:17265:1)
    at resolveNgModuleDep (http://localhost:9876/_karma_webpack_/node_modules/@angular/core/fesm2015/core.js:30392:1)
    at _createClass (http://localhost:9876/_karma_webpack_/node_modules/@angular/core/fesm2015/core.js:30462:1)
    at _createProviderInstance (http://localhost:9876/_karma_webpack_/node_modules/@angular/core/fesm2015/core.js:30425:1)
</failure>
    <failure type="">TypeError: Cannot read property 'isAuthenticated' of undefined
    at &lt;Jasmine&gt;
    at UserContext.&lt;anonymous&gt; (http://localhost:9876/_karma_webpack_/src/app/core/authentication/authentication.service.spec.ts:39:33)
    at UserContext.&lt;anonymous&gt; (http://localhost:9876/_karma_webpack_/node_modules/zone.js/dist/zone-testing.js:1493:1)
    at ZoneDelegate.invoke (http://localhost:9876/_karma_webpack_/node_modules/zone.js/dist/zone-evergreen.js:359:1)
    at ProxyZoneSpec.push../node_modules/zone.js/dist/zone-testing.js.ProxyZoneSpec.onInvoke (http://localhost:9876/_karma_webpack_/node_modules/zone.js/dist/zone-testing.js:308:1)
    at ZoneDelegate.invoke (http://localhost:9876/_karma_webpack_/node_modules/zone.js/dist/zone-evergreen.js:358:1)
    at Zone.run (http://localhost:9876/_karma_webpack_/node_modules/zone.js/dist/zone-evergreen.js:124:1)
    at runInTestZone (http://localhost:9876/_karma_webpack_/node_modules/zone.js/dist/zone-testing.js:561:1)
    at UserContext.&lt;anonymous&gt; (http://localhost:9876/_karma_webpack_/node_modules/zone.js/dist/zone-testing.js:576:1)
    at &lt;Jasmine&gt;
</failure>
  </testcase>
  <testcase name="AuthenticationService login should return credentials" time="0.025" classname="AuthenticationService">
    <failure type="">NullInjectorError: StaticInjectorError(DynamicTestModule)[AuthenticationService -&gt; HttpClient]: 
  StaticInjectorError(Platform: core)[AuthenticationService -&gt; HttpClient]: 
    NullInjectorError: No provider for HttpClient!
error properties: Object({ ngTempTokenPath: null, ngTokenPath: [ 'AuthenticationService', Function ] })
    at &lt;Jasmine&gt;
    at NullInjector.get (http://localhost:9876/_karma_webpack_/node_modules/@angular/core/fesm2015/core.js:855:1)
    at resolveToken (http://localhost:9876/_karma_webpack_/node_modules/@angular/core/fesm2015/core.js:17513:1)
    at tryResolveToken (http://localhost:9876/_karma_webpack_/node_modules/@angular/core/fesm2015/core.js:17439:1)
    at StaticInjector.get (http://localhost:9876/_karma_webpack_/node_modules/@angular/core/fesm2015/core.js:17265:1)
    at resolveToken (http://localhost:9876/_karma_webpack_/node_modules/@angular/core/fesm2015/core.js:17513:1)
    at tryResolveToken (http://localhost:9876/_karma_webpack_/node_modules/@angular/core/fesm2015/core.js:17439:1)
    at StaticInjector.get (http://localhost:9876/_karma_webpack_/node_modules/@angular/core/fesm2015/core.js:17265:1)
    at resolveNgModuleDep (http://localhost:9876/_karma_webpack_/node_modules/@angular/core/fesm2015/core.js:30392:1)
    at _createClass (http://localhost:9876/_karma_webpack_/node_modules/@angular/core/fesm2015/core.js:30462:1)
    at _createProviderInstance (http://localhost:9876/_karma_webpack_/node_modules/@angular/core/fesm2015/core.js:30425:1)
</failure>
    <failure type="">TypeError: Cannot read property 'login' of undefined
    at &lt;Jasmine&gt;
    at UserContext.&lt;anonymous&gt; (http://localhost:9876/_karma_webpack_/src/app/core/authentication/authentication.service.spec.ts:25:45)
    at UserContext.&lt;anonymous&gt; (http://localhost:9876/_karma_webpack_/node_modules/zone.js/dist/zone-testing.js:1493:1)
    at ZoneDelegate.invoke (http://localhost:9876/_karma_webpack_/node_modules/zone.js/dist/zone-evergreen.js:359:1)
    at ProxyZoneSpec.push../node_modules/zone.js/dist/zone-testing.js.ProxyZoneSpec.onInvoke (http://localhost:9876/_karma_webpack_/node_modules/zone.js/dist/zone-testing.js:308:1)
    at ZoneDelegate.invoke (http://localhost:9876/_karma_webpack_/node_modules/zone.js/dist/zone-evergreen.js:358:1)
    at Zone.run (http://localhost:9876/_karma_webpack_/node_modules/zone.js/dist/zone-evergreen.js:124:1)
    at runInTestZone (http://localhost:9876/_karma_webpack_/node_modules/zone.js/dist/zone-testing.js:561:1)
    at UserContext.&lt;anonymous&gt; (http://localhost:9876/_karma_webpack_/node_modules/zone.js/dist/zone-testing.js:576:1)
    at &lt;Jasmine&gt;
</failure>
  </testcase>
  <testcase name="AuthenticationService login should persist credentials across sessions" time="0.018" classname="AuthenticationService">
    <failure type="">NullInjectorError: StaticInjectorError(DynamicTestModule)[AuthenticationService -&gt; HttpClient]: 
  StaticInjectorError(Platform: core)[AuthenticationService -&gt; HttpClient]: 
    NullInjectorError: No provider for HttpClient!
error properties: Object({ ngTempTokenPath: null, ngTokenPath: [ 'AuthenticationService', Function ] })
    at &lt;Jasmine&gt;
    at NullInjector.get (http://localhost:9876/_karma_webpack_/node_modules/@angular/core/fesm2015/core.js:855:1)
    at resolveToken (http://localhost:9876/_karma_webpack_/node_modules/@angular/core/fesm2015/core.js:17513:1)
    at tryResolveToken (http://localhost:9876/_karma_webpack_/node_modules/@angular/core/fesm2015/core.js:17439:1)
    at StaticInjector.get (http://localhost:9876/_karma_webpack_/node_modules/@angular/core/fesm2015/core.js:17265:1)
    at resolveToken (http://localhost:9876/_karma_webpack_/node_modules/@angular/core/fesm2015/core.js:17513:1)
    at tryResolveToken (http://localhost:9876/_karma_webpack_/node_modules/@angular/core/fesm2015/core.js:17439:1)
    at StaticInjector.get (http://localhost:9876/_karma_webpack_/node_modules/@angular/core/fesm2015/core.js:17265:1)
    at resolveNgModuleDep (http://localhost:9876/_karma_webpack_/node_modules/@angular/core/fesm2015/core.js:30392:1)
    at _createClass (http://localhost:9876/_karma_webpack_/node_modules/@angular/core/fesm2015/core.js:30462:1)
    at _createProviderInstance (http://localhost:9876/_karma_webpack_/node_modules/@angular/core/fesm2015/core.js:30425:1)
</failure>
    <failure type="">TypeError: Cannot read property 'login' of undefined
    at &lt;Jasmine&gt;
    at UserContext.&lt;anonymous&gt; (http://localhost:9876/_karma_webpack_/src/app/core/authentication/authentication.service.spec.ts:74:45)
    at UserContext.&lt;anonymous&gt; (http://localhost:9876/_karma_webpack_/node_modules/zone.js/dist/zone-testing.js:1493:1)
    at ZoneDelegate.invoke (http://localhost:9876/_karma_webpack_/node_modules/zone.js/dist/zone-evergreen.js:359:1)
    at ProxyZoneSpec.push../node_modules/zone.js/dist/zone-testing.js.ProxyZoneSpec.onInvoke (http://localhost:9876/_karma_webpack_/node_modules/zone.js/dist/zone-testing.js:308:1)
    at ZoneDelegate.invoke (http://localhost:9876/_karma_webpack_/node_modules/zone.js/dist/zone-evergreen.js:358:1)
    at Zone.run (http://localhost:9876/_karma_webpack_/node_modules/zone.js/dist/zone-evergreen.js:124:1)
    at runInTestZone (http://localhost:9876/_karma_webpack_/node_modules/zone.js/dist/zone-testing.js:561:1)
    at UserContext.&lt;anonymous&gt; (http://localhost:9876/_karma_webpack_/node_modules/zone.js/dist/zone-testing.js:576:1)
    at &lt;Jasmine&gt;
</failure>
  </testcase>
  <testcase name="AuthenticationService login should persist credentials for the session" time="0.02" classname="AuthenticationService">
    <failure type="">NullInjectorError: StaticInjectorError(DynamicTestModule)[AuthenticationService -&gt; HttpClient]: 
  StaticInjectorError(Platform: core)[AuthenticationService -&gt; HttpClient]: 
    NullInjectorError: No provider for HttpClient!
error properties: Object({ ngTempTokenPath: null, ngTokenPath: [ 'AuthenticationService', Function ] })
    at &lt;Jasmine&gt;
    at NullInjector.get (http://localhost:9876/_karma_webpack_/node_modules/@angular/core/fesm2015/core.js:855:1)
    at resolveToken (http://localhost:9876/_karma_webpack_/node_modules/@angular/core/fesm2015/core.js:17513:1)
    at tryResolveToken (http://localhost:9876/_karma_webpack_/node_modules/@angular/core/fesm2015/core.js:17439:1)
    at StaticInjector.get (http://localhost:9876/_karma_webpack_/node_modules/@angular/core/fesm2015/core.js:17265:1)
    at resolveToken (http://localhost:9876/_karma_webpack_/node_modules/@angular/core/fesm2015/core.js:17513:1)
    at tryResolveToken (http://localhost:9876/_karma_webpack_/node_modules/@angular/core/fesm2015/core.js:17439:1)
    at StaticInjector.get (http://localhost:9876/_karma_webpack_/node_modules/@angular/core/fesm2015/core.js:17265:1)
    at resolveNgModuleDep (http://localhost:9876/_karma_webpack_/node_modules/@angular/core/fesm2015/core.js:30392:1)
    at _createClass (http://localhost:9876/_karma_webpack_/node_modules/@angular/core/fesm2015/core.js:30462:1)
    at _createProviderInstance (http://localhost:9876/_karma_webpack_/node_modules/@angular/core/fesm2015/core.js:30425:1)
</failure>
    <failure type="">TypeError: Cannot read property 'login' of undefined
    at &lt;Jasmine&gt;
    at UserContext.&lt;anonymous&gt; (http://localhost:9876/_karma_webpack_/src/app/core/authentication/authentication.service.spec.ts:59:45)
    at UserContext.&lt;anonymous&gt; (http://localhost:9876/_karma_webpack_/node_modules/zone.js/dist/zone-testing.js:1493:1)
    at ZoneDelegate.invoke (http://localhost:9876/_karma_webpack_/node_modules/zone.js/dist/zone-evergreen.js:359:1)
    at ProxyZoneSpec.push../node_modules/zone.js/dist/zone-testing.js.ProxyZoneSpec.onInvoke (http://localhost:9876/_karma_webpack_/node_modules/zone.js/dist/zone-testing.js:308:1)
    at ZoneDelegate.invoke (http://localhost:9876/_karma_webpack_/node_modules/zone.js/dist/zone-evergreen.js:358:1)
    at Zone.run (http://localhost:9876/_karma_webpack_/node_modules/zone.js/dist/zone-evergreen.js:124:1)
    at runInTestZone (http://localhost:9876/_karma_webpack_/node_modules/zone.js/dist/zone-testing.js:561:1)
    at UserContext.&lt;anonymous&gt; (http://localhost:9876/_karma_webpack_/node_modules/zone.js/dist/zone-testing.js:576:1)
    at &lt;Jasmine&gt;
</failure>
  </testcase>
  <testcase name="AuthenticationService logout should clear user authentication" time="0.017" classname="AuthenticationService">
    <failure type="">NullInjectorError: StaticInjectorError(DynamicTestModule)[AuthenticationService -&gt; HttpClient]: 
  StaticInjectorError(Platform: core)[AuthenticationService -&gt; HttpClient]: 
    NullInjectorError: No provider for HttpClient!
error properties: Object({ ngTempTokenPath: null, ngTokenPath: [ 'AuthenticationService', Function ] })
    at &lt;Jasmine&gt;
    at NullInjector.get (http://localhost:9876/_karma_webpack_/node_modules/@angular/core/fesm2015/core.js:855:1)
    at resolveToken (http://localhost:9876/_karma_webpack_/node_modules/@angular/core/fesm2015/core.js:17513:1)
    at tryResolveToken (http://localhost:9876/_karma_webpack_/node_modules/@angular/core/fesm2015/core.js:17439:1)
    at StaticInjector.get (http://localhost:9876/_karma_webpack_/node_modules/@angular/core/fesm2015/core.js:17265:1)
    at resolveToken (http://localhost:9876/_karma_webpack_/node_modules/@angular/core/fesm2015/core.js:17513:1)
    at tryResolveToken (http://localhost:9876/_karma_webpack_/node_modules/@angular/core/fesm2015/core.js:17439:1)
    at StaticInjector.get (http://localhost:9876/_karma_webpack_/node_modules/@angular/core/fesm2015/core.js:17265:1)
    at resolveNgModuleDep (http://localhost:9876/_karma_webpack_/node_modules/@angular/core/fesm2015/core.js:30392:1)
    at _createClass (http://localhost:9876/_karma_webpack_/node_modules/@angular/core/fesm2015/core.js:30462:1)
    at _createProviderInstance (http://localhost:9876/_karma_webpack_/node_modules/@angular/core/fesm2015/core.js:30425:1)
</failure>
    <failure type="">TypeError: Cannot read property 'login' of undefined
    at &lt;Jasmine&gt;
    at UserContext.&lt;anonymous&gt; (http://localhost:9876/_karma_webpack_/src/app/core/authentication/authentication.service.spec.ts:92:50)
    at UserContext.&lt;anonymous&gt; (http://localhost:9876/_karma_webpack_/node_modules/zone.js/dist/zone-testing.js:1493:1)
    at ZoneDelegate.invoke (http://localhost:9876/_karma_webpack_/node_modules/zone.js/dist/zone-evergreen.js:359:1)
    at ProxyZoneSpec.push../node_modules/zone.js/dist/zone-testing.js.ProxyZoneSpec.onInvoke (http://localhost:9876/_karma_webpack_/node_modules/zone.js/dist/zone-testing.js:308:1)
    at ZoneDelegate.invoke (http://localhost:9876/_karma_webpack_/node_modules/zone.js/dist/zone-evergreen.js:358:1)
    at Zone.run (http://localhost:9876/_karma_webpack_/node_modules/zone.js/dist/zone-evergreen.js:124:1)
    at runInTestZone (http://localhost:9876/_karma_webpack_/node_modules/zone.js/dist/zone-testing.js:561:1)
    at UserContext.&lt;anonymous&gt; (http://localhost:9876/_karma_webpack_/node_modules/zone.js/dist/zone-testing.js:576:1)
    at &lt;Jasmine&gt;
</failure>
  </testcase>
  <testcase name="AuthenticationGuard should return true if user is authenticated" time="0.016" classname="AuthenticationGuard"/>
  <testcase name="AuthenticationGuard should have a canActivate method" time="0.014" classname="AuthenticationGuard"/>
  <testcase name="AuthenticationGuard should save url as queryParam if user is not authenticated" time="0.013" classname="AuthenticationGuard"/>
  <testcase name="AuthenticationGuard should return false and redirect to login if user is not authenticated" time="0.018" classname="AuthenticationGuard"/>
  <testcase name="HttpService should use error handler, API prefix and no cache by default" time="0.021" classname="HttpService"/>
  <testcase name="HttpService should skip error handler" time="0.029" classname="HttpService"/>
  <testcase name="HttpService should not use API prefix" time="0.013" classname="HttpService"/>
  <testcase name="HttpService should use cache" time="0.015" classname="HttpService"/>
  <testcase name="AppComponent should create the app" time="0.047" classname="AppComponent"/>
  <testcase name="untilDestroyed should work with classes that are not components" time="0.003" classname="untilDestroyed"/>
  <testcase name="untilDestroyed should unsubscribe from anywhere" time="0.002" classname="untilDestroyed"/>
  <testcase name="untilDestroyed should not destroy other instances" time="0.001" classname="untilDestroyed"/>
  <testcase name="untilDestroyed should work with multiple observables" time="0.003" classname="untilDestroyed"/>
  <testcase name="untilDestroyed should work with subclass" time="0.014" classname="untilDestroyed"/>
  <testcase name="untilDestroyed should throw when destroy method doesnt exist" time="0.001" classname="untilDestroyed"/>
  <testcase name="untilDestroyed should not throw when destroy method is implemented on super class" time="0.003" classname="untilDestroyed"/>
  <testcase name="Logger should add a new LogOutput and receives only production log entries" time="0.001" classname="Logger"/>
  <testcase name="Logger should create an instance" time="0" classname="Logger"/>
  <testcase name="Logger should add a new LogOutput and receives log entries" time="0.002" classname="Logger"/>
  <testcase name="HeaderComponent should create" time="0.511" classname="HeaderComponent"/>
  <testcase name="LoaderComponent should not be visible by default" time="0.026" classname="LoaderComponent"/>
  <testcase name="LoaderComponent should display specified message" time="0.032" classname="LoaderComponent"/>
  <testcase name="LoaderComponent should not display a message by default" time="0.033" classname="LoaderComponent"/>
  <testcase name="LoaderComponent should be visible when app is loading" time="0.021" classname="LoaderComponent"/>
  <system-out>
    <![CDATA[
]]>
  </system-out>
  <system-err/>
</testsuite>